Generated at 2018-06-21 20:38:08 -0400
SystemExit: exit
/opt/chefdk/embedded/lib/ruby/gems/2.5.0/gems/chef-14.1.12/lib/chef/application.rb:388:in `exit'
/opt/chefdk/embedded/lib/ruby/gems/2.5.0/gems/chef-14.1.12/lib/chef/application.rb:388:in `fatal!'
/opt/chefdk/embedded/lib/ruby/gems/2.5.0/gems/chef-14.1.12/lib/chef/application.rb:71:in `block in setup_signal_handlers'
/opt/chefdk/embedded/lib/ruby/gems/2.5.0/gems/mixlib-shellout-2.3.2/lib/mixlib/shellout/unix.rb:277:in `select'
/opt/chefdk/embedded/lib/ruby/gems/2.5.0/gems/mixlib-shellout-2.3.2/lib/mixlib/shellout/unix.rb:277:in `attempt_buffer_read'
/opt/chefdk/embedded/lib/ruby/gems/2.5.0/gems/mixlib-shellout-2.3.2/lib/mixlib/shellout/unix.rb:117:in `run_command'
/opt/chefdk/embedded/lib/ruby/gems/2.5.0/gems/mixlib-shellout-2.3.2/lib/mixlib/shellout.rb:263:in `run_command'
/opt/chefdk/embedded/lib/ruby/gems/2.5.0/gems/chef-14.1.12/lib/chef/mixin/shell_out.rb:171:in `shell_out_command'
/opt/chefdk/embedded/lib/ruby/gems/2.5.0/gems/chef-14.1.12/lib/chef/mixin/shell_out.rb:114:in `shell_out'
/opt/chefdk/embedded/lib/ruby/gems/2.5.0/gems/chef-14.1.12/lib/chef/mixin/shell_out.rb:119:in `shell_out!'
/opt/chefdk/embedded/lib/ruby/gems/2.5.0/gems/chef-14.1.12/lib/chef/provider/package.rb:676:in `shell_out_with_timeout!'
/opt/chefdk/embedded/lib/ruby/gems/2.5.0/gems/chef-14.1.12/lib/chef/provider/package/yum.rb:263:in `yum'
/opt/chefdk/embedded/lib/ruby/gems/2.5.0/gems/chef-14.1.12/lib/chef/provider/package/yum.rb:123:in `install_package'
/opt/chefdk/embedded/lib/ruby/gems/2.5.0/gems/chef-14.1.12/lib/chef/provider/package.rb:102:in `block (3 levels) in <class:Package>'
/opt/chefdk/embedded/lib/ruby/gems/2.5.0/gems/chef-14.1.12/lib/chef/provider/package.rb:269:in `multipackage_api_adapter'
/opt/chefdk/embedded/lib/ruby/gems/2.5.0/gems/chef-14.1.12/lib/chef/provider/package.rb:101:in `block (2 levels) in <class:Package>'
/opt/chefdk/embedded/lib/ruby/gems/2.5.0/gems/chef-14.1.12/lib/chef/mixin/why_run.rb:51:in `add_action'
/opt/chefdk/embedded/lib/ruby/gems/2.5.0/gems/chef-14.1.12/lib/chef/provider.rb:227:in `converge_by'
/opt/chefdk/embedded/lib/ruby/gems/2.5.0/gems/chef-14.1.12/lib/chef/provider/package.rb:100:in `block in <class:Package>'
(eval):2:in `block in action_install'
/opt/chefdk/embedded/lib/ruby/gems/2.5.0/gems/chef-14.1.12/lib/chef/provider.rb:236:in `instance_eval'
/opt/chefdk/embedded/lib/ruby/gems/2.5.0/gems/chef-14.1.12/lib/chef/provider.rb:236:in `compile_and_converge_action'
(eval):2:in `action_install'
/opt/chefdk/embedded/lib/ruby/gems/2.5.0/gems/chef-14.1.12/lib/chef/provider.rb:182:in `run_action'
/opt/chefdk/embedded/lib/ruby/gems/2.5.0/gems/chef-14.1.12/lib/chef/resource.rb:577:in `run_action'
/opt/chefdk/embedded/lib/ruby/gems/2.5.0/gems/chef-14.1.12/lib/chef/runner.rb:70:in `run_action'
/opt/chefdk/embedded/lib/ruby/gems/2.5.0/gems/chef-14.1.12/lib/chef/runner.rb:98:in `block (2 levels) in converge'
/opt/chefdk/embedded/lib/ruby/gems/2.5.0/gems/chef-14.1.12/lib/chef/runner.rb:98:in `each'
/opt/chefdk/embedded/lib/ruby/gems/2.5.0/gems/chef-14.1.12/lib/chef/runner.rb:98:in `block in converge'
/opt/chefdk/embedded/lib/ruby/gems/2.5.0/gems/chef-14.1.12/lib/chef/resource_collection/resource_list.rb:94:in `block in execute_each_resource'
/opt/chefdk/embedded/lib/ruby/gems/2.5.0/gems/chef-14.1.12/lib/chef/resource_collection/stepable_iterator.rb:114:in `call_iterator_block'
/opt/chefdk/embedded/lib/ruby/gems/2.5.0/gems/chef-14.1.12/lib/chef/resource_collection/stepable_iterator.rb:85:in `step'
/opt/chefdk/embedded/lib/ruby/gems/2.5.0/gems/chef-14.1.12/lib/chef/resource_collection/stepable_iterator.rb:103:in `iterate'
/opt/chefdk/embedded/lib/ruby/gems/2.5.0/gems/chef-14.1.12/lib/chef/resource_collection/stepable_iterator.rb:55:in `each_with_index'
/opt/chefdk/embedded/lib/ruby/gems/2.5.0/gems/chef-14.1.12/lib/chef/resource_collection/resource_list.rb:92:in `execute_each_resource'
/opt/chefdk/embedded/lib/ruby/gems/2.5.0/gems/chef-14.1.12/lib/chef/runner.rb:97:in `converge'
/opt/chefdk/embedded/lib/ruby/gems/2.5.0/gems/chef-14.1.12/lib/chef/client.rb:717:in `block in converge'
/opt/chefdk/embedded/lib/ruby/gems/2.5.0/gems/chef-14.1.12/lib/chef/client.rb:712:in `catch'
/opt/chefdk/embedded/lib/ruby/gems/2.5.0/gems/chef-14.1.12/lib/chef/client.rb:712:in `converge'
/opt/chefdk/embedded/lib/ruby/gems/2.5.0/gems/chef-14.1.12/lib/chef/client.rb:751:in `converge_and_save'
/opt/chefdk/embedded/lib/ruby/gems/2.5.0/gems/chef-14.1.12/lib/chef/client.rb:283:in `run'
/opt/chefdk/embedded/lib/ruby/gems/2.5.0/gems/chef-14.1.12/lib/chef/application.rb:303:in `run_with_graceful_exit_option'
/opt/chefdk/embedded/lib/ruby/gems/2.5.0/gems/chef-14.1.12/lib/chef/application.rb:279:in `block in run_chef_client'
/opt/chefdk/embedded/lib/ruby/gems/2.5.0/gems/chef-14.1.12/lib/chef/local_mode.rb:44:in `with_server_connectivity'
/opt/chefdk/embedded/lib/ruby/gems/2.5.0/gems/chef-14.1.12/lib/chef/application.rb:261:in `run_chef_client'
/opt/chefdk/embedded/lib/ruby/gems/2.5.0/gems/chef-14.1.12/lib/chef/application/client.rb:441:in `run_application'
/opt/chefdk/embedded/lib/ruby/gems/2.5.0/gems/chef-14.1.12/lib/chef/application.rb:66:in `run'
/opt/chefdk/embedded/lib/ruby/gems/2.5.0/gems/chef-14.1.12/lib/chef/application/solo.rb:224:in `run'
/opt/chefdk/embedded/lib/ruby/gems/2.5.0/gems/chef-14.1.12/bin/chef-solo:25:in `<top (required)>'
/bin/chef-solo:270:in `load'
/bin/chef-solo:270:in `<main>'